<?xml version="1.0" encoding="UTF-8"?>
<!-- Generated by org.testng.reporters.JUnitReportReporter -->
<testsuite hostname="ESTPCSW203" name="sele.test" tests="1" failures="0" timestamp="31 Jul 2016 06:26:35 GMT" time="1.528" errors="0">
  <testcase name="profilePage" time="1.528" classname="sele.test"/>
</testsuite> <!-- sele.test -->
