<?xml version="1.0" encoding="UTF-8"?>
<!-- Generated by org.testng.reporters.JUnitReportReporter -->
<testsuite hostname="ESTPCSW203" name="key_testCases.ExecuteTest" tests="1" failures="0" timestamp="6 Aug 2016 23:52:29 GMT" time="2.348" errors="0">
  <testcase name="testLogin" time="2.348" classname="key_testCases.ExecuteTest"/>
</testsuite> <!-- key_testCases.ExecuteTest -->
