<?xml version="1.0" encoding="UTF-8"?>
<!-- Generated by org.testng.reporters.JUnitReportReporter -->
<testsuite hostname="ESTPCSW203" name="sele1.jxlexcel" tests="1" failures="0" timestamp="6 Aug 2016 21:11:43 GMT" time="9.752" errors="0">
  <testcase name="FB" time="9.752" classname="sele1.jxlexcel"/>
</testsuite> <!-- sele1.jxlexcel -->
