<?xml version="1.0" encoding="UTF-8"?>
<!-- Generated by org.testng.reporters.JUnitReportReporter -->
<testsuite hostname="ESTPCSW203" name="key_testCases.KeywordExecuteTest" tests="1" failures="0" timestamp="7 Aug 2016 00:16:02 GMT" time="2.252" errors="0">
  <testcase name="testLogin" time="2.252" classname="key_testCases.KeywordExecuteTest"/>
</testsuite> <!-- key_testCases.KeywordExecuteTest -->
