<?xml version="1.0" encoding="UTF-8"?>
<!-- Generated by org.testng.reporters.JUnitReportReporter -->
<testsuite hostname="ESTPCSW203" name="sele.newtours1" tests="2" failures="0" timestamp="24 Jul 2016 17:21:18 GMT" time="3.842" errors="0">
  <testcase name="support" time="2.345" classname="sele.newtours1"/>
  <testcase name="register" time="1.497" classname="sele.newtours1"/>
</testsuite> <!-- sele.newtours1 -->
