<?xml version="1.0" encoding="UTF-8"?>
<!-- Generated by org.testng.reporters.JUnitReportReporter -->
<testsuite hostname="ESTPCSW203" name="sele.xmlparameter" tests="1" failures="0" timestamp="25 Jul 2016 04:11:01 GMT" time="66.390" errors="0">
  <testcase name="testParameterWithXML" time="66.390" classname="sele.xmlparameter"/>
</testsuite> <!-- sele.xmlparameter -->
