<?xml version="1.0" encoding="UTF-8"?>
<!-- Generated by org.testng.reporters.JUnitReportReporter -->
<testsuite hostname="ESTPCSW203" name="sele.dataproviderparameter" tests="3" failures="0" timestamp="25 Jul 2016 04:44:49 GMT" time="9.798" errors="0">
  <testcase name="testMethod" time="3.448" classname="sele.dataproviderparameter"/>
  <testcase name="testMethod" time="3.192" classname="sele.dataproviderparameter"/>
  <testcase name="testMethod" time="3.158" classname="sele.dataproviderparameter"/>
</testsuite> <!-- sele.dataproviderparameter -->
