<?xml version="1.0" encoding="UTF-8"?>
<!-- Generated by org.testng.reporters.JUnitReportReporter -->
<testsuite hostname="ESTPCSW203" name="sele.takingscreenshot" tests="1" failures="0" timestamp="28 Jul 2016 04:48:49 GMT" time="21.829" errors="0">
  <testcase name="testGuru99TakeScreenShot" time="21.829" classname="sele.takingscreenshot"/>
</testsuite> <!-- sele.takingscreenshot -->
