<?xml version="1.0" encoding="UTF-8"?>
<!-- Generated by org.testng.reporters.JUnitReportReporter -->
<testsuite hostname="ESTPCSW203" name="key_testCases.HybridExecuteTest" tests="10" failures="0" timestamp="7 Aug 2016 00:16:19 GMT" time="3.300" errors="0">
  <testcase name="testLogin" time="0.218" classname="key_testCases.HybridExecuteTest"/>
  <testcase name="testLogin" time="1.196" classname="key_testCases.HybridExecuteTest"/>
  <testcase name="testLogin" time="0.009" classname="key_testCases.HybridExecuteTest"/>
  <testcase name="testLogin" time="0.002" classname="key_testCases.HybridExecuteTest"/>
  <testcase name="testLogin" time="0.541" classname="key_testCases.HybridExecuteTest"/>
  <testcase name="testLogin" time="1.314" classname="key_testCases.HybridExecuteTest"/>
  <testcase name="testLogin" time="0.002" classname="key_testCases.HybridExecuteTest"/>
  <testcase name="testLogin" time="0.012" classname="key_testCases.HybridExecuteTest"/>
  <testcase name="testLogin" time="0.003" classname="key_testCases.HybridExecuteTest"/>
  <testcase name="testLogin" time="0.003" classname="key_testCases.HybridExecuteTest"/>
</testsuite> <!-- key_testCases.HybridExecuteTest -->
