<?xml version="1.0" encoding="UTF-8"?>
<!-- Generated by org.testng.reporters.JUnitReportReporter -->
<testsuite hostname="ESTPCSW203" name="sele.crossbrowsertest" tests="3" failures="0" timestamp="26 Jul 2016 03:54:38 GMT" time="90.753" errors="0">
  <testcase name="testParameterWithXML" time="64.301" classname="sele.crossbrowsertest"/>
  <testcase name="testParameterWithXML" time="7.872" classname="sele.crossbrowsertest"/>
  <testcase name="testParameterWithXML" time="18.580" classname="sele.crossbrowsertest"/>
</testsuite> <!-- sele.crossbrowsertest -->
