<?xml version="1.0" encoding="UTF-8"?>
<!-- Generated by org.testng.reporters.JUnitReportReporter -->
<testsuite hostname="ESTPCSW203" name="sele.selefb1" tests="3" failures="0" timestamp="6 Aug 2016 21:10:36 GMT" time="4.460" errors="0">
  <testcase name="loginWebtour" time="2.125" classname="sele.selefb1"/>
  <testcase name="launchBrowser" time="1.682" classname="sele.selefb1"/>
  <testcase name="logout" time="0.653" classname="sele.selefb1"/>
</testsuite> <!-- sele.selefb1 -->
