<?xml version="1.0" encoding="UTF-8"?>
<!-- Generated by org.testng.reporters.JUnitReportReporter -->
<testsuite hostname="ESTPCSW203" name="sele1.testfailedtestcase1" tests="1" failures="0" timestamp="4 Aug 2016 04:36:49 GMT" time="12.798" errors="0">
  <testcase name="verifySeleniumTitle" time="12.798" classname="sele1.testfailedtestcase1"/>
</testsuite> <!-- sele1.testfailedtestcase1 -->
