<?xml version="1.0" encoding="UTF-8"?>
<!-- Generated by org.testng.reporters.JUnitReportReporter -->
<testsuite hostname="ESTPCSW203" name="sele1.gridtest" tests="1" failures="0" timestamp="5 Aug 2016 04:03:32 GMT" time="5.715" errors="0">
  <testcase name="profilePage" time="5.715" classname="sele1.gridtest"/>
</testsuite> <!-- sele1.gridtest -->
